


 $$$$$   $$$   $      $$$  $$$$    $$$   $$$$$     $    $$$    $$$ 
 $      $   $  $       $   $   $  $   $  $        $$   $   $  $   $
 $      $      $       $   $   $  $      $         $   $   $  $   $
 $$$$   $      $       $   $$$$    $$$   $$$$      $   $   $  $   $
 $      $      $       $   $          $  $         $   $   $  $   $
 $      $   $  $       $   $      $   $  $         $   $   $  $   $
 $$$$$   $$$   $$$$$  $$$  $       $$$   $$$$$    $$$   $$$    $$$ 



                       $$$$$   $$$   $      $$$  $$$$    $$$   $$$$$     $    $$$    $$$ 
                       $      $   $  $       $   $   $  $   $  $        $$   $   $  $   $
                       $      $      $       $   $   $  $      $         $   $   $  $   $
                       $$$$   $      $       $   $$$$    $$$   $$$$      $   $   $  $   $
                       $      $      $       $   $          $  $         $   $   $  $   $
                       $      $   $  $       $   $      $   $  $         $   $   $  $   $
                       $$$$$   $$$   $$$$$  $$$  $       $$$   $$$$$    $$$   $$$    $$$ 



                                             $$$$$   $$$   $      $$$  $$$$    $$$   $$$$$     $    $$$    $$$ 
                                             $      $   $  $       $   $   $  $   $  $        $$   $   $  $   $
                                             $      $      $       $   $   $  $      $         $   $   $  $   $
                                             $$$$   $      $       $   $$$$    $$$   $$$$      $   $   $  $   $
                                             $      $      $       $   $          $  $         $   $   $  $   $
                                             $      $   $  $       $   $      $   $  $         $   $   $  $   $
                                             $$$$$   $$$   $$$$$  $$$  $       $$$   $$$$$    $$$   $$$    $$$ 



                                                                   $$$$$   $$$   $      $$$  $$$$    $$$   $$$$$     $    $$$    $$$ 
                                                                   $      $   $  $       $   $   $  $   $  $        $$   $   $  $   $
                                                                   $      $      $       $   $   $  $      $         $   $   $  $   $
                                                                   $$$$   $      $       $   $$$$    $$$   $$$$      $   $   $  $   $
                                                                   $      $      $       $   $          $  $         $   $   $  $   $
                                                                   $      $   $  $       $   $      $   $  $         $   $   $  $   $
                                                                   $$$$$   $$$   $$$$$  $$$  $       $$$   $$$$$    $$$   $$$    $$$ 
 
 Version =  2009.1
 Arch    =  PC WINDOWS (32 bit)
Annex    | Modification date    | Update date          | baseline             
=====    | =================    | ===========          | ========             
ECLIPSE  | 27-APR-2009 16:22:47 | 27-APR-2009 19:37:10 | S:\2009.1_w18i
system   | 22-APR-2009 14:52:01 | 25-APR-2009 05:27:35 | S:\2009.1_w18
utility  | 17-FEB-2009 08:34:11 | 25-APR-2009 05:40:00 | S:\2009.1_w18
 

1

 ******** ECHO OF INPUT DATA FOR RUN MSW_AICD

 0: -----------------------------------------------------------------
 0: --AICD Example Data Set
 0: -----------------------------------------------------------------
 0: RUNSPEC
 0: TITLE
 0:  A MULTI-LATERAL PRODUCER AND INJECTOR - MULTI-SEGMENT BRANCHES
 0: 
 0: DIMENS
 0:  10  5  10  /
 0: 
 0: SAVE
 0: /
 0: 
 0: OIL
 0: 
 0: WATER
 0: 
 0: GAS
 0: 
 0: DISGAS
 0: 
 0: FIELD
 0: 
 0: TABDIMS
 0:  1  1  15  15  2  15  /
 0: 
 0: EQLDIMS
 0:  2  /
 0: 
 0: WELLDIMS
 0:  3  20  1  3  /
 0: 
 0: VFPPDIMS
 0:  6  3  3  3  1  1  /
 0: 
 0: VFPIDIMS
 0:  6  3  2  /
 0: 
 0: WSEGDIMS
 0:  2  30  10  /
 0: 
 0: START
 0:  1 'JAN' 1997 /
 0: 
 0: UNIFIN
 0: UNIFOUT
 0: 
 0: -- RPTRUNSP
 0: 
 0: GRID        =========================================================
 0: 
 0: EQUALS
 0:  'DX'     100  /
 0:  'DY'     100  /
 0:  'PERMX'  50   /
 0:  'PERMZ'  5   /
 0:  'DZ'     20   /
 0:  'PORO'   0.2  /
 0:  'TOPS'   7000   1 10  1 5  1 1  /
 0:  'DZ'     100    1 10  1 5  3 3  /
 0:  'PORO'   0.0    1 10  1 5  3 3  /
 0:  /
 0: 
 0: COPY
 0:   PERMX PERMY /
 0:  /
 0: 
 0: 
 0: GRIDFILE
 0:  0 1 /
 0: 
 0: PROPS       ==========================================================
 0: 
 0: SWFN
 0: -- Sw    Krw    Pcow
 0:   0.22   0.0    6.30
 0:   0.3    0.07   3.60
 0:   0.4    0.15   2.70
 0:   0.5    0.24   2.25
 0:   0.6    0.33   1.80
 0:   0.8    0.65   0.90
 0:   0.9    0.83   0.45
 0:   1.0    1.0    0.0    /
 0: 
 0: SGFN
 0: -- Sg    Krg    Pcgo
 0:   0.0   0.0     0.0
 0:   0.04  0.0     0.2
 0:   0.1   0.022   0.5
 0:   0.2   0.1     1.0
 0:   0.3   0.24    1.5
 0:   0.4   0.34    2.0
 0:   0.5   0.42    2.5
 0:   0.6   0.5     3.0
 0:   0.7   0.8125  3.5
 0:   0.78  1.0     3.9    /
 0: 
 0: SOF3
 0: -- So   Krow    Krog
 0:   0.0   0.0     0.0
 0:   0.2   0.0     0.0
 0:   0.38  1*      0.0
 0:   0.4   0.0048  1*
 0:   0.48  1*      0.02
 0:   0.5   0.0649  1*
 0:   0.58  1*      0.1
 0:   0.6   0.125   1*
 0:   0.68  1*      0.33
 0:   0.7   0.4     1*
 0:   0.74  1*      0.6
 0:   0.78  1.0     1.0   /
 0: 
 0: PVTW
 0: 3000  1.00341  3.0D-6  0.96  0  /
 0: 
 0: 
 0: ROCK
 0: 3000    4.0D-6   /
 0: 
 0: DENSITY
 0: 45   63.02   0.0702  /
 0: 
 0: PVDG
 0:  400  5.9   0.013
 0:  800  2.95  0.0135
 0: 1200  1.96  0.014
 0: 1600  1.47  0.0145
 0: 2000  1.18  0.015
 0: 2400  0.98  0.0155
 0: 2800  0.84  0.016
 0: 3200  0.74  0.0165
 0: 3600  0.65  0.017
 0: 4000  0.59  0.0175
 0: 4400  0.54  0.018
 0: 4800  0.49  0.0185
 0: 5200  0.45  0.019
 0: 5600  0.42  0.0195 /
 0: 
 0: PMAX
 0:  7000 /
 0: 
 0: PVCO
 0: 400  0.165   1.012    1.17   5.0E-5  1*
 0: 800  0.335   1.0255   1.14     2*
 0: 1200 0.500   1.038    1.11     2*
 0: 1600 0.665   1.051    1.08     2*
 0: 2000 0.828   1.063    1.06     2*
 0: 2400 0.985   1.075    1.03     2*
 0: 2800 1.130   1.087    1.00     2*
 0: 3200 1.270   1.0985   0.98     2*
 0: 3600 1.390   1.11     0.95     2*
 0: 4000 1.500   1.12     0.94     2*
 0: 4400 1.600   1.13     0.92     2*
 0: 4800 1.676   1.14     0.91     2*
 0: 5200 1.750   1.148    0.9      2*
 0: 5600 1.810   1.155    0.89     2*
 0:   /
 0: 
 0: RPTPROPS
 0:    /
 0: 
 0: 
 0: REGIONS    ===========================================================
 0: 
 0: 
 0: FIPNUM
 0: 
 0:   100*1
 0:   400*2
 0: /
 0: 
 0: EQLNUM
 0: 
 0:   100*1
 0:   400*2
 0: /
 0: 
 0: RPTREGS
 0: 
 0:      /
 0: 
 0: SOLUTION    ============================================================
 0: 
 0: EQUIL
 0:  7020.00 2700.00 7990.00  .00000 7020.00  .00000     0      0       5 /
 0:  7200.00 3700.00 7300.00  .00000 7000.00  .00000     1      0       5 /
 0: 
 0: RSVD       2 TABLES    3 NODES IN EACH           FIELD   12:00 17 AUG 83
 0:    7000.0  1.0000
 0:    7990.0  1.0000
 0: /
 0:    7000.0  1.0000
 0:    7400.0  1.0000
 0: /
 0: 
 0: RPTRST
 0: 'BASIC=3' 'FREQ=1' /
 0: 
 0: RPTSOL
 0: --
 0: -- Initialisation Print Output
 0: --
 0: 'PRES' 'SOIL' 'SWAT' 'SGAS' 'RS' 'RESTART=1' 'FIP=2' 'EQUIL' 'RSVD' //
 0: 
 0: SUMMARY      ===========================================================
 0: 
 0: FOPR
 0: FGPR
 0: FWPR
 0: FWIR
 0: FWCT
 0: FGOR
 0: FOPT
 0: FWPT
 0: FGPT
 0: 
 0: WBHP
 0:  'PROD' /
 0: WOPR
 0:  'PROD' /
 0: WWPR
 0:  'PROD' /
 0: WGPR
 0:  'PROD' /
 0: WWCT
 0:  'PROD' /
 0: WOPT
 0:  'PROD' /
 0: WWPT
 0:  'PROD' /
 0: WGPT
 0:  'PROD' /
 0: SPRDA
 0:  'PROD' /
 0:  /
 0: SPRDF
 0:  'PROD' /
 0:  /
 0: SOFR
 0:  'PROD' /
 0:  /
 0: SGFR
 0:  'PROD' /
 0:  /
 0: SWFR
 0:  'PROD' /
 0:  /
 0: SPR
 0:  'PROD' /
 0:  /
 0: SPRD
 0:  'PROD' /
 0:  /
 0: SPRDF
 0:  'PROD' /
 0:  /
 0: 
 0: 
 0: ALL
 0: RUNSUM
 0: SEPARATE
 0: RPTONLY
 0: 
 0: SCHEDULE     ===========================================================
 0: 
 0: DEBUG
 0: 
 0: DRSDT
 0:    1.0E20  /
 0: 
 0: RPTSCHED
 0:   'PRES'  'SWAT'  'SGAS'  'RESTART=1'  'RS'  'WELLS=2'  'SUMMARY=2'
 0:   'CPU=2' 'WELSPECS'   'NEWTON=2' /
 0: 
 0: NOECHO
 0: ECHO
 0: 
 0: WELSPECS
 0:  'PROD' 'G' 1 1 7030 'OIL' 0.0  'STD'  'STOP' 'YES' 0 'AVG' 0 /
 0:  'WINJ' 'G' 10 5 7030 'WAT' 0.0  'STD'  'STOP' 'YES' 0 'AVG' 0 /
 0: /
 0: 
 0: COMPDAT
 0: 
 0:  'PROD' 1 1 8 8   3*  0.2   3*  'X' /
 0:  'PROD' 2 1 8 8   3*  0.2   3*  'X' /
 0:  'PROD' 3 1 8 8   3*  0.2   3*  'X' /
 0:  'PROD' 4 1 8 8   3*  0.2   3*  'X' /
 0:  'PROD' 5 1 8 8   3*  0.2   3*  'X' /
 0: 
 0:  'WINJ' 10 5 2 2   3*  0.2   3*  'X' /
 0:  'WINJ' 9 5 2 2   3*  0.2   3*  'X' /
 0:  'WINJ' 8 5 2 2   3*  0.2   3*  'X' /
 0:  'WINJ' 7 5 2 2   3*  0.2   3*  'X' /
 0:  'WINJ' 6 5 2 2   3*  0.2   3*  'X' /
 0: 
 0:  'WINJ' 10 5 10 10   3*  0.2   3*  'X' /
 0:  'WINJ' 9 5 10 10   3*  0.2   3*  'X' /
 0:  'WINJ' 8 5 10 10   3*  0.2   3*  'X' /
 0:  'WINJ' 7 5 10 10   3*  0.2   3*  'X' /
 0:  'WINJ' 6 5 10 10   3*  0.2   3*  'X' /
 0: /
 0: 
 0: WELSEGS
 0: 
 0: -- Name    Dep 1   Tlen 1  Vol 1
 0:   'PROD'   7010      10    0.31   'INC' 1* 1* 10 10 /
 0: 
 0: -- First   Last   Branch   Outlet  Length   Depth  Diam  Ruff  Area  Vol
 0: -- Seg     Seg    Num      Seg              Chang
 0: -- Main Stem
 0:     2       12     1        1         20     20    0.2   1.E-3  1*   1* /
 0: -- Branch
 0:     13      13     2        12        50      0    0.2   1.E-3  1*   1* /
 0:     14      17     2        13       100      0    0.2   1.E-3  1*   1* /
 0: -- ICD segments
 0:     18      18     3        13       0.5      0    0.2   1.E-3  1*   1* /
 0:     19      19     4        14       0.5      0    0.2   1.E-3  1*   1* /
 0:     20      20     5        15       0.5      0    0.2   1.E-3  1*   1* /
 0:     21      21     6        16       0.5      0    0.2   1.E-3  1*   1* /
 0:     22      22     7        17       0.5      0    0.2   1.E-3  1*   1* /
 0:  /
 0: 
 0: COMPSEGS
 0: 
 0: -- Name
 0:   'PROD' /
 0: 
 0: -- I  J  K  Brn  Start   End     Dirn   End
 0: --          No   Length  Length  Penet  Range
 0: --
 0:    1  1  8  3      255     1*     'Y'    1  /
 0:    2  1  8  4      330     1*     'Y'    1  /
 0:    3  1  8  5      430     1*     'Y'    1  /
 0:    4  1  8  6      530     1*     'Y'    1  /
 0:    5  1  8  7      630     1*     'Y'    1  /
 0:  /
 0: 
 0: WELSEGS
 0: 
 0: -- Name    Dep 1   Tlen 1  Vol 1
 0:   'WINJ'   7010      10    0.31   'INC' /
 0: 
 0: -- First   Last   Branch   Outlet  Length   Depth  Diam  Ruff  Area  Vol
 0: -- Seg     Seg    Num      Seg              Chang
 0: -- Main Stem
 0:     2       14     1        1         20     20    0.2   1.E-3  1*   1* /
 0: -- Top Branch
 0:     15      15     2        2         50      0    0.2   1.E-3  1*   1* /
 0:     16      19     2        15       100      0    0.2   1.E-3  1*   1* /
 0: -- Bottom Branch
 0:     20      20     3        14        50      0    0.2   1.E-3  1*   1* /
 0:     21      24     3        20       100      0    0.2   1.E-3  1*   1* /
 0:  /
 0: 
 0: COMPSEGS
 0: 
 0: -- Name
 0:   'WINJ' /
 0: 
 0: -- I  J  K  Brn  Start   End     Dirn   End
 0: --          No   Length  Length  Penet  Range
 0: -- Top Branch
 0:    10  5  2  2      30      1*     'X'    6  /
 0: -- Bottom Branch
 0:    10  5 10  3      270     1*     'X'    6  /
 0:  /
 0: 
 0: WEFAC
 0:  '*'  1.0  /
 0:  /
 0: 
 0: WCONPROD
 0:  'PROD' 'OPEN' 'ORAT'  1000 3* 1*  1000  0.0  1 /
 0:  /
 0: 
 0: WCONINJE
 0:  'WINJ' 'WAT' 'OPEN' 'RESV'  1*  2000  3500  1*  1 /
 0:  /
 0: 
 0: WVFPEXP
 0:  '*' 'EXP' NO YES1 /
 0:  /
 0: WSEGINIT
 0: PROD 1 2 3900 0.3 0 1* 1* /
 0: /
 0: WSEGAICD
 0: --Well  Segments ICD      ICD    unused  scale  max   flow  visc
 0: --Name  From To  strength length param   factor absol rate  fnc
 0: --                                              qICD  exp   exp
 0:  PROD   18   18   0.0002  1*    5*      1*      1*    2    0.25/
 0:  PROD   19   19   0.0002  1*    5*      1*      1*    2    0.25/
 0:  PROD   20   20   0.0002  1*    5*      1*      1*    2    0.25/
 0:  PROD   21   21   0.0002  1*    5*      1*      1*    2    0.25/
 0:  PROD   22   22   0.0002  1*    5*      1*      1*    2    0.25/
 0: /
 0: --ACTIONS
 0: --ACT1 'PROD' 2 SOFR > 100 3 1* /
 0: 
 0: --WTMULT
 0: --'PROD' ORAT 0.9 /
 0: --/
 0: --ENDACTIO
 0: 
 0: WSEGEXSS
 0: PROD 2 WIMPR 100 3 /
 0: /
 0: 
 0: TUNING
 0:  1 1 /
 0:  /
 0:  4*  16 /
 0: 
 0: TSTEP
 0:  240*30
 0: /
 0: 
 0: 
 0: END

 ******** END OF INPUT DATA FOR RUN MSW_AICD
     1 READING RUNSPEC 
     2 READING TITLE   
     3 READING DIMENS  
     4 READING SAVE    
     5 READING OIL     
     6 READING WATER   
     7 READING GAS     
     8 READING DISGAS  
     9 READING FIELD   
    10 READING TABDIMS 
    11 READING EQLDIMS 
    12 READING WELLDIMS
    13 READING VFPPDIMS
    14 READING VFPIDIMS
    15 READING WSEGDIMS
    16 READING START   

 @--MESSAGE  AT TIME        0.0   DAYS    ( 1-JAN-   0):
 @           CHECKING FOR LICENSES                                           

 @--  ERROR  AT TIME        0.0   DAYS    ( 1-JAN-   0):
 @           LICENSE ERROR  -1 FOR MULTI-SEGMENT WELL OPTION                 
 @           FEATURE IS INVALID. CHECK YOUR LICENSE FILE AND                 
 @           THE LICENSE LOG FILE                                            

 Error summary 
 Comments               0
 Warnings               0
 Problems               0
 Errors                 1
 Bugs                   0
 Final cpu       0.00 elapsed       0.00
